D:\RA82-2015\AADSP2\PROJEKAT-RA82\MODEL0\PROCESSWAVFILE\DEBUG\MODEL0.EXE
D:\RA82-2015\AADSP2\PROJEKAT-RA82\MODEL0\PROCESSWAVFILE\DEBUG\MODEL0.ILK
D:\RA82-2015\AADSP2\PROJEKAT-RA82\MODEL0\PROCESSWAVFILE\DEBUG\MODEL0.PDB
D:\ra82-2015\AADSP2\Projekat-RA82\model0\ProcessWavFile\ProcessWavFile\Debug\cl.command.1.tlog
D:\ra82-2015\AADSP2\Projekat-RA82\model0\ProcessWavFile\ProcessWavFile\Debug\CL.read.1.tlog
D:\ra82-2015\AADSP2\Projekat-RA82\model0\ProcessWavFile\ProcessWavFile\Debug\CL.write.1.tlog
D:\RA82-2015\AADSP2\PROJEKAT-RA82\MODEL0\PROCESSWAVFILE\PROCESSWAVFILE\DEBUG\DISTORTION2.OBJ
D:\ra82-2015\AADSP2\Projekat-RA82\model0\ProcessWavFile\ProcessWavFile\Debug\link.4100.read.1.tlog
D:\ra82-2015\AADSP2\Projekat-RA82\model0\ProcessWavFile\ProcessWavFile\Debug\link.4100.write.1.tlog
D:\ra82-2015\AADSP2\Projekat-RA82\model0\ProcessWavFile\ProcessWavFile\Debug\link.4100-cvtres.read.1.tlog
D:\ra82-2015\AADSP2\Projekat-RA82\model0\ProcessWavFile\ProcessWavFile\Debug\link.4100-cvtres.write.1.tlog
D:\ra82-2015\AADSP2\Projekat-RA82\model0\ProcessWavFile\ProcessWavFile\Debug\link.command.1.tlog
D:\ra82-2015\AADSP2\Projekat-RA82\model0\ProcessWavFile\ProcessWavFile\Debug\link.read.1.tlog
D:\ra82-2015\AADSP2\Projekat-RA82\model0\ProcessWavFile\ProcessWavFile\Debug\link.write.1.tlog
D:\ra82-2015\AADSP2\Projekat-RA82\model0\ProcessWavFile\ProcessWavFile\Debug\link-cvtres.read.1.tlog
D:\ra82-2015\AADSP2\Projekat-RA82\model0\ProcessWavFile\ProcessWavFile\Debug\link-cvtres.write.1.tlog
D:\RA82-2015\AADSP2\PROJEKAT-RA82\MODEL0\PROCESSWAVFILE\PROCESSWAVFILE\DEBUG\MAIN.OBJ
D:\RA82-2015\AADSP2\PROJEKAT-RA82\MODEL0\PROCESSWAVFILE\PROCESSWAVFILE\DEBUG\MODEL0.EXE.EMBED.MANIFEST
D:\RA82-2015\AADSP2\PROJEKAT-RA82\MODEL0\PROCESSWAVFILE\PROCESSWAVFILE\DEBUG\MODEL0.EXE.EMBED.MANIFEST.RES
D:\RA82-2015\AADSP2\PROJEKAT-RA82\MODEL0\PROCESSWAVFILE\PROCESSWAVFILE\DEBUG\MODEL0.EXE.INTERMEDIATE.MANIFEST
D:\ra82-2015\AADSP2\Projekat-RA82\model0\ProcessWavFile\ProcessWavFile\Debug\model0.write.1.tlog
D:\ra82-2015\AADSP2\Projekat-RA82\model0\ProcessWavFile\ProcessWavFile\Debug\model0_manifest.rc
D:\ra82-2015\AADSP2\Projekat-RA82\model0\ProcessWavFile\ProcessWavFile\Debug\mt.command.1.tlog
D:\ra82-2015\AADSP2\Projekat-RA82\model0\ProcessWavFile\ProcessWavFile\Debug\mt.read.1.tlog
D:\ra82-2015\AADSP2\Projekat-RA82\model0\ProcessWavFile\ProcessWavFile\Debug\mt.write.1.tlog
D:\ra82-2015\AADSP2\Projekat-RA82\model0\ProcessWavFile\ProcessWavFile\Debug\rc.command.1.tlog
D:\ra82-2015\AADSP2\Projekat-RA82\model0\ProcessWavFile\ProcessWavFile\Debug\rc.read.1.tlog
D:\ra82-2015\AADSP2\Projekat-RA82\model0\ProcessWavFile\ProcessWavFile\Debug\rc.write.1.tlog
D:\ra82-2015\AADSP2\Projekat-RA82\model0\ProcessWavFile\ProcessWavFile\Debug\vc100.idb
D:\RA82-2015\AADSP2\PROJEKAT-RA82\MODEL0\PROCESSWAVFILE\PROCESSWAVFILE\DEBUG\VC100.PDB
D:\RA82-2015\AADSP2\PROJEKAT-RA82\MODEL0\PROCESSWAVFILE\PROCESSWAVFILE\DEBUG\WAVHEADER.OBJ
