Build started 5.12.2018 14:17:14.
     1>Project "D:\ra82-2015\AADSP2\Projekat-RA82\model2\ProcessWavFile\ProcessWavFile\ProcessWavFile.vcxproj" on node 2 (build target(s)).
     1>InitializeBuildStatus:
         Creating "Debug\model2.unsuccessfulbuild" because "AlwaysCreate" was specified.
       ClCompile:
         C:\Program Files (x86)\Microsoft Visual Studio 10.0\VC\bin\CL.exe /c /ZI /nologo /W3 /WX- /Od /Oy- /D WIN32 /D _DEBUG /D _CONSOLE /Gm /EHsc /RTC1 /MDd /GS /fp:precise /Zc:wchar_t /Zc:forScope /Fo"Debug\\" /Fd"Debug\vc100.pdb" /Gd /TP /analyze- /errorReport:prompt distortion2.cpp main.cpp
         main.cpp
     1>d:\ra82-2015\aadsp2\projekat-ra82\model2\processwavfile\processwavfile\main.cpp(28): warning C4996: 'strcpy': This function or variable may be unsafe. Consider using strcpy_s instead. To disable deprecation, use _CRT_SECURE_NO_WARNINGS. See online help for details.
                 c:\program files (x86)\microsoft visual studio 10.0\vc\include\string.h(105) : see declaration of 'strcpy'
     1>d:\ra82-2015\aadsp2\projekat-ra82\model2\processwavfile\processwavfile\main.cpp(30): warning C4996: 'strcpy': This function or variable may be unsafe. Consider using strcpy_s instead. To disable deprecation, use _CRT_SECURE_NO_WARNINGS. See online help for details.
                 c:\program files (x86)\microsoft visual studio 10.0\vc\include\string.h(105) : see declaration of 'strcpy'
         distortion2.cpp
         Generating Code...
       ManifestResourceCompile:
         All outputs are up-to-date.
       Link:
         C:\Program Files (x86)\Microsoft Visual Studio 10.0\VC\bin\link.exe /ERRORREPORT:PROMPT /OUT:"D:\ra82-2015\AADSP2\Projekat-RA82\model2\ProcessWavFile\Debug\model2.exe" /INCREMENTAL /NOLOGO /MANIFEST /ManifestFile:"Debug\model2.exe.intermediate.manifest" /MANIFESTUAC:"level='asInvoker' uiAccess='false'" /DEBUG /PDB:"D:\ra82-2015\AADSP2\Projekat-RA82\model2\ProcessWavFile\Debug\model2.pdb" /SUBSYSTEM:CONSOLE /TLBID:1 /DYNAMICBASE /NXCOMPAT /IMPLIB:"D:\ra82-2015\AADSP2\Projekat-RA82\model2\ProcessWavFile\Debug\model2.lib" /MACHINE:X86 Debug\model2.exe.embed.manifest.res
         Debug\fixed_point_math.obj
         Debug\stdfix_emu.obj
         Debug\main.obj
         Debug\distortion2.obj
         Debug\processing.obj
         Debug\WAVheader.obj
       Manifest:
         C:\Program Files (x86)\Microsoft SDKs\Windows\v7.0A\bin\mt.exe /nologo /verbose /out:"Debug\model2.exe.embed.manifest" /manifest Debug\model2.exe.intermediate.manifest "C:\Program Files (x86)\Microsoft Visual Studio 10.0\VC\Include\Manifest\dpiaware.manifest"
         All outputs are up-to-date.
       LinkEmbedManifest:
         All outputs are up-to-date.
         ProcessWavFile.vcxproj -> D:\ra82-2015\AADSP2\Projekat-RA82\model2\ProcessWavFile\Debug\model2.exe
       FinalizeBuildStatus:
         Deleting file "Debug\model2.unsuccessfulbuild".
         Touching "Debug\model2.lastbuildstate".
     1>Done Building Project "D:\ra82-2015\AADSP2\Projekat-RA82\model2\ProcessWavFile\ProcessWavFile\ProcessWavFile.vcxproj" (build target(s)).

Build succeeded.

Time Elapsed 00:00:01.80
