D:\RA82-2015\AADSP2\PROJEKAT\PROCESSWAVFILE\DEBUG\PROCESSWAVFILE.EXE
D:\RA82-2015\AADSP2\PROJEKAT\PROCESSWAVFILE\DEBUG\PROCESSWAVFILE.ILK
D:\RA82-2015\AADSP2\PROJEKAT\PROCESSWAVFILE\DEBUG\PROCESSWAVFILE.PDB
D:\RA82-2015\AADSP2\PROJEKAT\PROCESSWAVFILE\PROCESSWAVFILE\DEBUG\MAIN.OBJ
D:\RA82-2015\AADSP2\PROJEKAT\PROCESSWAVFILE\PROCESSWAVFILE\DEBUG\PROCESSWAVFILE.EXE.EMBED.MANIFEST
D:\RA82-2015\AADSP2\PROJEKAT\PROCESSWAVFILE\PROCESSWAVFILE\DEBUG\PROCESSWAVFILE.EXE.EMBED.MANIFEST.RES
D:\RA82-2015\AADSP2\PROJEKAT\PROCESSWAVFILE\PROCESSWAVFILE\DEBUG\PROCESSWAVFILE.EXE.INTERMEDIATE.MANIFEST
D:\RA82-2015\AADSP2\PROJEKAT\PROCESSWAVFILE\PROCESSWAVFILE\DEBUG\VC100.PDB
D:\RA82-2015\AADSP2\PROJEKAT\PROCESSWAVFILE\PROCESSWAVFILE\DEBUG\WAVHEADER.OBJ
D:\RA82-2015\AADSP2\PROJEKAT-RA82\MODEL0\PROCESSWAVFILE\DEBUG\PROCESSWAVFILE.EXE
D:\RA82-2015\AADSP2\PROJEKAT-RA82\MODEL0\PROCESSWAVFILE\DEBUG\PROCESSWAVFILE.ILK
D:\RA82-2015\AADSP2\PROJEKAT-RA82\MODEL0\PROCESSWAVFILE\DEBUG\PROCESSWAVFILE.PDB
D:\ra82-2015\AADSP2\Projekat-RA82\model0\ProcessWavFile\ProcessWavFile\Debug\cl.command.1.tlog
D:\ra82-2015\AADSP2\Projekat-RA82\model0\ProcessWavFile\ProcessWavFile\Debug\CL.read.1.tlog
D:\ra82-2015\AADSP2\Projekat-RA82\model0\ProcessWavFile\ProcessWavFile\Debug\CL.write.1.tlog
D:\RA82-2015\AADSP2\PROJEKAT-RA82\MODEL0\PROCESSWAVFILE\PROCESSWAVFILE\DEBUG\DISTORTION2.OBJ
D:\ra82-2015\AADSP2\Projekat-RA82\model0\ProcessWavFile\ProcessWavFile\Debug\link.5188.read.1.tlog
D:\ra82-2015\AADSP2\Projekat-RA82\model0\ProcessWavFile\ProcessWavFile\Debug\link.5188.write.1.tlog
D:\ra82-2015\AADSP2\Projekat-RA82\model0\ProcessWavFile\ProcessWavFile\Debug\link.5188-cvtres.read.1.tlog
D:\ra82-2015\AADSP2\Projekat-RA82\model0\ProcessWavFile\ProcessWavFile\Debug\link.5188-cvtres.write.1.tlog
D:\ra82-2015\AADSP2\Projekat-RA82\model0\ProcessWavFile\ProcessWavFile\Debug\link.6388.read.1.tlog
D:\ra82-2015\AADSP2\Projekat-RA82\model0\ProcessWavFile\ProcessWavFile\Debug\link.6388.write.1.tlog
D:\ra82-2015\AADSP2\Projekat-RA82\model0\ProcessWavFile\ProcessWavFile\Debug\link.6388-cvtres.read.1.tlog
D:\ra82-2015\AADSP2\Projekat-RA82\model0\ProcessWavFile\ProcessWavFile\Debug\link.6388-cvtres.write.1.tlog
D:\ra82-2015\AADSP2\Projekat-RA82\model0\ProcessWavFile\ProcessWavFile\Debug\link.7004.read.1.tlog
D:\ra82-2015\AADSP2\Projekat-RA82\model0\ProcessWavFile\ProcessWavFile\Debug\link.7004.write.1.tlog
D:\ra82-2015\AADSP2\Projekat-RA82\model0\ProcessWavFile\ProcessWavFile\Debug\link.7004-cvtres.read.1.tlog
D:\ra82-2015\AADSP2\Projekat-RA82\model0\ProcessWavFile\ProcessWavFile\Debug\link.7004-cvtres.write.1.tlog
D:\ra82-2015\AADSP2\Projekat-RA82\model0\ProcessWavFile\ProcessWavFile\Debug\link.command.1.tlog
D:\ra82-2015\AADSP2\Projekat-RA82\model0\ProcessWavFile\ProcessWavFile\Debug\link.read.1.tlog
D:\ra82-2015\AADSP2\Projekat-RA82\model0\ProcessWavFile\ProcessWavFile\Debug\link.write.1.tlog
D:\ra82-2015\AADSP2\Projekat-RA82\model0\ProcessWavFile\ProcessWavFile\Debug\link-cvtres.read.1.tlog
D:\ra82-2015\AADSP2\Projekat-RA82\model0\ProcessWavFile\ProcessWavFile\Debug\link-cvtres.write.1.tlog
D:\RA82-2015\AADSP2\PROJEKAT-RA82\MODEL0\PROCESSWAVFILE\PROCESSWAVFILE\DEBUG\MAIN.OBJ
D:\ra82-2015\AADSP2\Projekat-RA82\model0\ProcessWavFile\ProcessWavFile\Debug\mt.command.1.tlog
D:\ra82-2015\AADSP2\Projekat-RA82\model0\ProcessWavFile\ProcessWavFile\Debug\mt.read.1.tlog
D:\ra82-2015\AADSP2\Projekat-RA82\model0\ProcessWavFile\ProcessWavFile\Debug\mt.write.1.tlog
D:\RA82-2015\AADSP2\PROJEKAT-RA82\MODEL0\PROCESSWAVFILE\PROCESSWAVFILE\DEBUG\PROCESSING.OBJ
D:\ra82-2015\AADSP2\Projekat-RA82\model0\ProcessWavFile\ProcessWavFile\Debug\ProcessWavFile.exe.embed.manifest
D:\RA82-2015\AADSP2\PROJEKAT-RA82\MODEL0\PROCESSWAVFILE\PROCESSWAVFILE\DEBUG\PROCESSWAVFILE.EXE.EMBED.MANIFEST.RES
D:\RA82-2015\AADSP2\PROJEKAT-RA82\MODEL0\PROCESSWAVFILE\PROCESSWAVFILE\DEBUG\PROCESSWAVFILE.EXE.INTERMEDIATE.MANIFEST
D:\ra82-2015\AADSP2\Projekat-RA82\model0\ProcessWavFile\ProcessWavFile\Debug\ProcessWavFile.vcxprojResolveAssemblyReference.cache
D:\ra82-2015\AADSP2\Projekat-RA82\model0\ProcessWavFile\ProcessWavFile\Debug\ProcessWavFile.write.1.tlog
D:\ra82-2015\AADSP2\Projekat-RA82\model0\ProcessWavFile\ProcessWavFile\Debug\ProcessWavFile_manifest.rc
D:\ra82-2015\AADSP2\Projekat-RA82\model0\ProcessWavFile\ProcessWavFile\Debug\rc.command.1.tlog
D:\ra82-2015\AADSP2\Projekat-RA82\model0\ProcessWavFile\ProcessWavFile\Debug\rc.read.1.tlog
D:\ra82-2015\AADSP2\Projekat-RA82\model0\ProcessWavFile\ProcessWavFile\Debug\rc.write.1.tlog
D:\ra82-2015\AADSP2\Projekat-RA82\model0\ProcessWavFile\ProcessWavFile\Debug\vc100.idb
D:\RA82-2015\AADSP2\PROJEKAT-RA82\MODEL0\PROCESSWAVFILE\PROCESSWAVFILE\DEBUG\VC100.PDB
D:\RA82-2015\AADSP2\PROJEKAT-RA82\MODEL0\PROCESSWAVFILE\PROCESSWAVFILE\DEBUG\WAVHEADER.OBJ
