D:\RA82-2015\AADSP2\PROJEKAT-RA82\MODEL1\PROCESSWAVFILE\DEBUG\MODEL1.EXE
D:\RA82-2015\AADSP2\PROJEKAT-RA82\MODEL1\PROCESSWAVFILE\DEBUG\MODEL1.ILK
D:\RA82-2015\AADSP2\PROJEKAT-RA82\MODEL1\PROCESSWAVFILE\DEBUG\MODEL1.PDB
D:\ra82-2015\AADSP2\Projekat-RA82\model1\ProcessWavFile\ProcessWavFile\Debug\cl.command.1.tlog
D:\ra82-2015\AADSP2\Projekat-RA82\model1\ProcessWavFile\ProcessWavFile\Debug\CL.read.1.tlog
D:\ra82-2015\AADSP2\Projekat-RA82\model1\ProcessWavFile\ProcessWavFile\Debug\CL.write.1.tlog
D:\RA82-2015\AADSP2\PROJEKAT-RA82\MODEL1\PROCESSWAVFILE\PROCESSWAVFILE\DEBUG\DISTORTION2.OBJ
D:\ra82-2015\AADSP2\Projekat-RA82\model1\ProcessWavFile\ProcessWavFile\Debug\link.4304.read.1.tlog
D:\ra82-2015\AADSP2\Projekat-RA82\model1\ProcessWavFile\ProcessWavFile\Debug\link.4304.write.1.tlog
D:\ra82-2015\AADSP2\Projekat-RA82\model1\ProcessWavFile\ProcessWavFile\Debug\link.4304-cvtres.read.1.tlog
D:\ra82-2015\AADSP2\Projekat-RA82\model1\ProcessWavFile\ProcessWavFile\Debug\link.4304-cvtres.write.1.tlog
D:\ra82-2015\AADSP2\Projekat-RA82\model1\ProcessWavFile\ProcessWavFile\Debug\link.command.1.tlog
D:\ra82-2015\AADSP2\Projekat-RA82\model1\ProcessWavFile\ProcessWavFile\Debug\link.read.1.tlog
D:\ra82-2015\AADSP2\Projekat-RA82\model1\ProcessWavFile\ProcessWavFile\Debug\link.write.1.tlog
D:\ra82-2015\AADSP2\Projekat-RA82\model1\ProcessWavFile\ProcessWavFile\Debug\link-cvtres.read.1.tlog
D:\ra82-2015\AADSP2\Projekat-RA82\model1\ProcessWavFile\ProcessWavFile\Debug\link-cvtres.write.1.tlog
D:\RA82-2015\AADSP2\PROJEKAT-RA82\MODEL1\PROCESSWAVFILE\PROCESSWAVFILE\DEBUG\MAIN.OBJ
D:\RA82-2015\AADSP2\PROJEKAT-RA82\MODEL1\PROCESSWAVFILE\PROCESSWAVFILE\DEBUG\MODEL1.EXE.EMBED.MANIFEST
D:\RA82-2015\AADSP2\PROJEKAT-RA82\MODEL1\PROCESSWAVFILE\PROCESSWAVFILE\DEBUG\MODEL1.EXE.EMBED.MANIFEST.RES
D:\RA82-2015\AADSP2\PROJEKAT-RA82\MODEL1\PROCESSWAVFILE\PROCESSWAVFILE\DEBUG\MODEL1.EXE.INTERMEDIATE.MANIFEST
D:\ra82-2015\AADSP2\Projekat-RA82\model1\ProcessWavFile\ProcessWavFile\Debug\model1.write.1.tlog
D:\ra82-2015\AADSP2\Projekat-RA82\model1\ProcessWavFile\ProcessWavFile\Debug\model1_manifest.rc
D:\ra82-2015\AADSP2\Projekat-RA82\model1\ProcessWavFile\ProcessWavFile\Debug\mt.command.1.tlog
D:\ra82-2015\AADSP2\Projekat-RA82\model1\ProcessWavFile\ProcessWavFile\Debug\mt.read.1.tlog
D:\ra82-2015\AADSP2\Projekat-RA82\model1\ProcessWavFile\ProcessWavFile\Debug\mt.write.1.tlog
D:\ra82-2015\AADSP2\Projekat-RA82\model1\ProcessWavFile\ProcessWavFile\Debug\rc.command.1.tlog
D:\ra82-2015\AADSP2\Projekat-RA82\model1\ProcessWavFile\ProcessWavFile\Debug\rc.read.1.tlog
D:\ra82-2015\AADSP2\Projekat-RA82\model1\ProcessWavFile\ProcessWavFile\Debug\rc.write.1.tlog
D:\ra82-2015\AADSP2\Projekat-RA82\model1\ProcessWavFile\ProcessWavFile\Debug\vc100.idb
D:\RA82-2015\AADSP2\PROJEKAT-RA82\MODEL1\PROCESSWAVFILE\PROCESSWAVFILE\DEBUG\VC100.PDB
D:\RA82-2015\AADSP2\PROJEKAT-RA82\MODEL1\PROCESSWAVFILE\PROCESSWAVFILE\DEBUG\WAVHEADER.OBJ
