Build started 3.12.2018 14:27:35.
     1>Project "D:\ra82-2015\AADSP2\Projekat-RA82\model1\ProcessWavFile\ProcessWavFile\ProcessWavFile.vcxproj" on node 2 (rebuild target(s)).
     1>_PrepareForClean:
         Deleting file "Debug\model1.lastbuildstate".
       InitializeBuildStatus:
         Creating "Debug\model1.unsuccessfulbuild" because "AlwaysCreate" was specified.
       ClCompile:
         C:\Program Files (x86)\Microsoft Visual Studio 10.0\VC\bin\CL.exe /c /ZI /nologo /W3 /WX- /Od /Oy- /D WIN32 /D _DEBUG /D _CONSOLE /Gm /EHsc /RTC1 /MDd /GS /fp:precise /Zc:wchar_t /Zc:forScope /Fo"Debug\\" /Fd"Debug\vc100.pdb" /Gd /TP /analyze- /errorReport:prompt main.cpp distortion2.cpp WAVheader.cpp
         WAVheader.cpp
     1>d:\ra82-2015\aadsp2\projekat-ra82\model1\processwavfile\processwavfile\wavheader.cpp(84): warning C4996: 'fopen': This function or variable may be unsafe. Consider using fopen_s instead. To disable deprecation, use _CRT_SECURE_NO_WARNINGS. See online help for details.
                 c:\program files (x86)\microsoft visual studio 10.0\vc\include\stdio.h(234) : see declaration of 'fopen'
         distortion2.cpp
         main.cpp
     1>d:\ra82-2015\aadsp2\projekat-ra82\model1\processwavfile\processwavfile\main.cpp(53): warning C4996: 'strcpy': This function or variable may be unsafe. Consider using strcpy_s instead. To disable deprecation, use _CRT_SECURE_NO_WARNINGS. See online help for details.
                 c:\program files (x86)\microsoft visual studio 10.0\vc\include\string.h(105) : see declaration of 'strcpy'
     1>d:\ra82-2015\aadsp2\projekat-ra82\model1\processwavfile\processwavfile\main.cpp(55): warning C4996: 'strcpy': This function or variable may be unsafe. Consider using strcpy_s instead. To disable deprecation, use _CRT_SECURE_NO_WARNINGS. See online help for details.
                 c:\program files (x86)\microsoft visual studio 10.0\vc\include\string.h(105) : see declaration of 'strcpy'
     1>d:\ra82-2015\aadsp2\projekat-ra82\model1\processwavfile\processwavfile\main.cpp(113): warning C4244: '=' : conversion from 'double' to 'int', possible loss of data
         Generating Code...
       ManifestResourceCompile:
         C:\Program Files (x86)\Microsoft SDKs\Windows\v7.0A\bin\rc.exe /nologo /fo"Debug\model1.exe.embed.manifest.res" Debug\model1_manifest.rc 
       Link:
         C:\Program Files (x86)\Microsoft Visual Studio 10.0\VC\bin\link.exe /ERRORREPORT:PROMPT /OUT:"D:\ra82-2015\AADSP2\Projekat-RA82\model1\ProcessWavFile\Debug\model1.exe" /INCREMENTAL /NOLOGO /MANIFEST /ManifestFile:"Debug\model1.exe.intermediate.manifest" /MANIFESTUAC:"level='asInvoker' uiAccess='false'" /DEBUG /PDB:"D:\ra82-2015\AADSP2\Projekat-RA82\model1\ProcessWavFile\Debug\model1.pdb" /SUBSYSTEM:CONSOLE /TLBID:1 /DYNAMICBASE /NXCOMPAT /IMPLIB:"D:\ra82-2015\AADSP2\Projekat-RA82\model1\ProcessWavFile\Debug\model1.lib" /MACHINE:X86 Debug\model1.exe.embed.manifest.res
         Debug\main.obj
         Debug\distortion2.obj
         Debug\WAVheader.obj
       Manifest:
         Deleting file "Debug\model1.exe.embed.manifest".
         C:\Program Files (x86)\Microsoft SDKs\Windows\v7.0A\bin\mt.exe /nologo /verbose /out:"Debug\model1.exe.embed.manifest" /manifest Debug\model1.exe.intermediate.manifest "C:\Program Files (x86)\Microsoft Visual Studio 10.0\VC\Include\Manifest\dpiaware.manifest"
         C:\Program Files (x86)\Microsoft SDKs\Windows\v7.0A\bin\rc.exe /nologo /fo"Debug\model1.exe.embed.manifest.res" Debug\model1_manifest.rc 
       LinkEmbedManifest:
         C:\Program Files (x86)\Microsoft Visual Studio 10.0\VC\bin\link.exe /ERRORREPORT:PROMPT /OUT:"D:\ra82-2015\AADSP2\Projekat-RA82\model1\ProcessWavFile\Debug\model1.exe" /INCREMENTAL /NOLOGO /MANIFEST /ManifestFile:"Debug\model1.exe.intermediate.manifest" /MANIFESTUAC:"level='asInvoker' uiAccess='false'" /DEBUG /PDB:"D:\ra82-2015\AADSP2\Projekat-RA82\model1\ProcessWavFile\Debug\model1.pdb" /SUBSYSTEM:CONSOLE /TLBID:1 /DYNAMICBASE /NXCOMPAT /IMPLIB:"D:\ra82-2015\AADSP2\Projekat-RA82\model1\ProcessWavFile\Debug\model1.lib" /MACHINE:X86 Debug\model1.exe.embed.manifest.res
         Debug\main.obj
         Debug\distortion2.obj
         Debug\WAVheader.obj
         ProcessWavFile.vcxproj -> D:\ra82-2015\AADSP2\Projekat-RA82\model1\ProcessWavFile\Debug\model1.exe
       FinalizeBuildStatus:
         Deleting file "Debug\model1.unsuccessfulbuild".
         Touching "Debug\model1.lastbuildstate".
     1>Done Building Project "D:\ra82-2015\AADSP2\Projekat-RA82\model1\ProcessWavFile\ProcessWavFile\ProcessWavFile.vcxproj" (rebuild target(s)).

Build succeeded.

Time Elapsed 00:00:01.40
